<?xml version="1.0" encoding="UTF-8"?>
<testng-results skipped="0" failed="0" ignored="0" total="1" passed="1">
  <reporter-output>
  </reporter-output>
  <suite name="Suite" duration-ms="4557" started-at="2018-03-16T07:30:48Z" finished-at="2018-03-16T07:30:52Z">
    <groups>
    </groups>
    <test name="Test" duration-ms="4557" started-at="2018-03-16T07:30:48Z" finished-at="2018-03-16T07:30:52Z">
      <class name="com.Sel.Tests.LoginWebAuthTest">
        <test-method status="PASS" signature="launchBrowser()[pri:0, instance:com.Sel.Tests.LoginWebAuthTest@77cd7a0]" name="launchBrowser" is-config="true" duration-ms="1812" started-at="2018-03-16T13:00:48Z" finished-at="2018-03-16T13:00:49Z">
          <reporter-output>
          </reporter-output>
        </test-method> <!-- launchBrowser -->
        <test-method status="PASS" signature="setDriver()[pri:0, instance:com.Sel.Tests.LoginWebAuthTest@77cd7a0]" name="setDriver" is-config="true" duration-ms="0" started-at="2018-03-16T13:00:49Z" finished-at="2018-03-16T13:00:49Z">
          <reporter-output>
          </reporter-output>
        </test-method> <!-- setDriver -->
        <test-method status="PASS" signature="verifyPageTitle()[pri:0, instance:com.Sel.Tests.LoginWebAuthTest@77cd7a0]" name="verifyPageTitle" duration-ms="2732" started-at="2018-03-16T13:00:49Z" finished-at="2018-03-16T13:00:52Z">
          <reporter-output>
          </reporter-output>
        </test-method> <!-- verifyPageTitle -->
      </class> <!-- com.Sel.Tests.LoginWebAuthTest -->
    </test> <!-- Test -->
  </suite> <!-- Suite -->
</testng-results>
